\BOOKMARK [0][-]{chapter.1}{Introduction}{}% 1
\BOOKMARK [1][-]{section.1.1}{What is SPIKE ?}{chapter.1}% 2
\BOOKMARK [1][-]{section.1.2}{How do I get set up?}{chapter.1}% 3
\BOOKMARK [1][-]{section.1.3}{Organisation of the Code}{chapter.1}% 4
\BOOKMARK [1][-]{section.1.4}{Main programs :}{chapter.1}% 5
\BOOKMARK [1][-]{section.1.5}{Directories}{chapter.1}% 6
\BOOKMARK [1][-]{section.1.6}{Authors and Licence}{chapter.1}% 7
\BOOKMARK [0][-]{chapter.2}{Tutorial}{}% 8
\BOOKMARK [1][-]{section.2.1}{FTICR}{chapter.2}% 9
\BOOKMARK [1][-]{section.2.2}{Orbitrap}{chapter.2}% 10
\BOOKMARK [1][-]{section.2.3}{urQRd}{chapter.2}% 11
\BOOKMARK [0][-]{chapter.3}{Code}{}% 12
\BOOKMARK [1][-]{section.3.1}{NPKData}{chapter.3}% 13
\BOOKMARK [1][-]{section.3.2}{File formats}{chapter.3}% 14
\BOOKMARK [1][-]{section.3.3}{FTICR}{chapter.3}% 15
\BOOKMARK [1][-]{section.3.4}{Orbitrap}{chapter.3}% 16
\BOOKMARK [1][-]{section.3.5}{visu2D}{chapter.3}% 17
\BOOKMARK [1][-]{section.3.6}{Processing 2D}{chapter.3}% 18
\BOOKMARK [1][-]{section.3.7}{Algorithms}{chapter.3}% 19
\BOOKMARK [0][-]{chapter.4}{Licenses}{}% 20
\BOOKMARK [1][-]{section.4.1}{SPIKE License}{chapter.4}% 21
\BOOKMARK [1][-]{section.4.2}{Secondary Licenses}{chapter.4}% 22
\BOOKMARK [0][-]{chapter.5}{Indices and tables}{}% 23
\BOOKMARK [0][-]{section*.484}{Python Module Index}{}% 24
